Arguments: 
  /usr/bin/node /usr/local/bin/yarn add -D eslint-plugin-react@^7.28.0 eslint-config-airbnb@latest eslint@^7.32.0 || ^8.2.0 eslint-plugin-import@^2.25.3 eslint-plugin-jsx-a11y@^6.5.1 eslint-plugin-react-hooks@^4.3.0

PATH: 
  /home/nws/.npm/_npx/abe235584debfe0e/node_modules/.bin:/home/nws/Desktop/upkeep-dev/client/node_modules/.bin:/home/nws/Desktop/upkeep-dev/node_modules/.bin:/home/nws/Desktop/node_modules/.bin:/home/nws/node_modules/.bin:/home/node_modules/.bin:/node_modules/.bin:/usr/local/lib/node_modules/npm/node_modules/@npmcli/run-script/lib/node-gyp-bin:/usr/lib64/ccache:/usr/local/bin:/usr/local/sbin:/usr/bin:/usr/sbin:/var/lib/snapd/snap/bin

Yarn version: 
  1.22.19

Node version: 
  18.12.1

Platform: 
  linux x64

Trace: 
  Error: ENOENT: no such file or directory, copyfile '/home/nws/.cache/yarn/v6/npm-picocolors-0.2.1-570670f793646851d1ba135996962abad587859f-integrity/node_modules/picocolors/LICENSE' -> '/home/nws/Desktop/upkeep-dev/client/node_modules/autoprefixer/node_modules/picocolors/LICENSE'

npm manifest: 
  {
    "name": "client",
    "version": "0.1.0",
    "private": true,
    "dependencies": {
      "@reduxjs/toolkit": "^1.9.1",
      "@testing-library/jest-dom": "^5.16.5",
      "@testing-library/react": "^13.4.0",
      "@testing-library/user-event": "^13.5.0",
      "axios": "^1.2.3",
      "dompurify": "^2.4.3",
      "react": "^18.2.0",
      "react-confirm-alert": "^3.0.6",
      "react-dom": "^18.2.0",
      "react-icons": "^4.7.1",
      "react-paginate": "^8.1.4",
      "react-quill": "^2.0.0",
      "react-router-dom": "^6.7.0",
      "react-scripts": "5.0.1",
      "react-toastify": "^9.1.1",
      "redux": "^4.2.0",
      "sass": "^1.57.1",
      "web-vitals": "^2.1.4"
    },
    "scripts": {
      "start": "react-scripts start",
      "build": "react-scripts build",
      "test": "react-scripts test",
      "eject": "react-scripts eject"
    },
    "eslintConfig": {
      "extends": [
        "react-app",
        "react-app/jest"
      ]
    },
    "browserslist": {
      "production": [
        ">0.2%",
        "not dead",
        "not op_mini all"
      ],
      "development": [
        "last 1 chrome version",
        "last 1 firefox version",
        "last 1 safari version"
      ]
    },
    "devDependencies": {
      "autoprefixer": "^9.8.6",
      "eslint": "^8.34.0",
      "postcss-cli": "^10.1.0",
      "tailwindcss": "^3.2.7"
    }
  }

yarn manifest: 
  No manifest

Lockfile: 
  No lockfile
